<?xml version="1.0" encoding="UTF-8"?>
<!-- Generated by org.testng.reporters.JUnitReportReporter -->
<testsuite hostname="AHS-LP-328" failures="0" tests="1" name="RestAssured.RestAssured.GetRequestt" time="3.809" errors="0" timestamp="2022-07-19T22:54:39 IST" skipped="0">
  <testcase classname="RestAssured.RestAssured.GetRequestt" name="getWeatherDetails" time="3.809"/>
  <system-out/>
</testsuite> <!-- RestAssured.RestAssured.GetRequestt -->
